<?xml version="1.0" encoding="UTF-8"?>
<!-- Generated by org.testng.reporters.JUnitReportReporter -->
<testsuite hostname="Balaji" failures="0" tests="1" name="com.microfocus.test.AddPetTest" time="4.254" errors="0" timestamp="2022-11-03T12:45:07 IST" skipped="0">
  <testcase classname="com.microfocus.test.AddPetTest" name="updateValidPetFromJson3Test" time="4.254"/>
  <system-out/>
</testsuite> <!-- com.microfocus.test.AddPetTest -->
