<?xml version="1.0" encoding="UTF-8"?>
<!-- Generated by org.testng.reporters.JUnitReportReporter -->
<testsuite hostname="Balaji" failures="0" tests="1" name="com.microfocus.test.DeletePetTest" time="4.383" errors="0" timestamp="2022-11-03T12:41:56 IST" skipped="0">
  <testcase classname="com.microfocus.test.DeletePetTest" name="deleteInvalidPetTest" time="4.383"/>
  <system-out/>
</testsuite> <!-- com.microfocus.test.DeletePetTest -->
