<?xml version="1.0" encoding="UTF-8"?>
<!-- Generated by org.testng.reporters.JUnitReportReporter -->
<testsuite hostname="Balaji" failures="0" tests="1" name="com.microfocus.test.FindByStatusTest" time="3.954" errors="0" timestamp="2022-11-03T12:06:08 IST" skipped="0">
  <testcase classname="com.microfocus.test.FindByStatusTest" name="validStatusCodeFindPetById" time="3.954"/>
  <system-out/>
</testsuite> <!-- com.microfocus.test.FindByStatusTest -->
