<?xml version="1.0" encoding="UTF-8"?>
<!-- Generated by org.testng.reporters.JUnitReportReporter -->
<testsuite hostname="Balaji" failures="0" tests="1" name="com.microfocus.test.Demo1GetPetById" time="4.331" errors="0" timestamp="2022-11-03T11:53:15 IST" skipped="0">
  <testcase classname="com.microfocus.test.Demo1GetPetById" name="validResponseFindPetById" time="4.331"/>
  <system-out/>
</testsuite> <!-- com.microfocus.test.Demo1GetPetById -->
