<?xml version="1.0" encoding="UTF-8"?>
<!-- Generated by org.testng.reporters.JUnitReportReporter -->
<testsuite hostname="Balaji" failures="0" tests="1" name="com.microfocus.test.FindPetByIdTest" time="4.265" errors="0" timestamp="2022-11-03T12:18:42 IST" skipped="0">
  <testcase classname="com.microfocus.test.FindPetByIdTest" name="validStatusCodeFindPetById" time="4.265"/>
  <system-out/>
</testsuite> <!-- com.microfocus.test.FindPetByIdTest -->
