<?xml version="1.0" encoding="UTF-8"?>
<!-- Generated by org.testng.reporters.JUnitReportReporter -->
<testsuite hostname="Balaji" failures="0" tests="2" name="com.microfocus.test.DeletePetTest" time="2.384" errors="0" timestamp="2022-11-03T15:25:50 IST" skipped="0">
  <testcase classname="com.microfocus.test.DeletePetTest" name="deleteInvalidPetTest" time="1.249"/>
  <system-out/>
  <testcase classname="com.microfocus.test.DeletePetTest" name="deleteValidPetTest" time="1.135"/>
  <system-out/>
</testsuite> <!-- com.microfocus.test.DeletePetTest -->
