<?xml version="1.0" encoding="UTF-8"?>
<!-- Generated by org.testng.reporters.JUnitReportReporter -->
<testsuite hostname="Balaji" failures="0" tests="1" name="com.microfocus.test.FindByStatusTest" time="1.224" errors="0" timestamp="2022-11-03T15:25:50 IST" skipped="0">
  <testcase classname="com.microfocus.test.FindByStatusTest" name="validateFindPetByStatus" time="1.224"/>
  <system-out/>
</testsuite> <!-- com.microfocus.test.FindByStatusTest -->
