<?xml version="1.0" encoding="UTF-8"?>
<!-- Generated by org.testng.reporters.JUnitReportReporter -->
<testsuite hostname="Balaji" failures="0" tests="4" name="com.microfocus.test.AddPetTest" time="12.087" errors="0" timestamp="2022-11-03T15:25:50 IST" skipped="0">
  <testcase classname="com.microfocus.test.AddPetTest" name="addValidPetFromJson2Test" time="7.259"/>
  <system-out/>
  <testcase classname="com.microfocus.test.AddPetTest" name="addValidPetTest" time="1.230"/>
  <system-out/>
  <testcase classname="com.microfocus.test.AddPetTest" name="updateValidPetFromJson3Test" time="2.087"/>
  <system-out/>
  <testcase classname="com.microfocus.test.AddPetTest" name="addValidPetFromJsonTest" time="1.511"/>
  <system-out/>
</testsuite> <!-- com.microfocus.test.AddPetTest -->
